<?xml version="1.0" encoding="UTF-8"?>
<testng-results ignored="0" total="1" passed="1" failed="0" skipped="0">
  <reporter-output>
  </reporter-output>
  <suite started-at="2022-03-11T17:12:17 IST" name="Default suite" finished-at="2022-03-11T17:12:17 IST" duration-ms="476">
    <groups>
    </groups>
    <test started-at="2022-03-11T17:12:17 IST" name="Default test" finished-at="2022-03-11T17:12:17 IST" duration-ms="476">
      <class name="stepdefinations.databasesample">
        <test-method signature="dbtest()[pri:0, instance:stepdefinations.databasesample@342c38f8]" started-at="2022-03-11T17:12:17 IST" name="dbtest" finished-at="2022-03-11T17:12:17 IST" duration-ms="441" status="PASS">
          <reporter-output>
          </reporter-output>
        </test-method> <!-- dbtest -->
      </class> <!-- stepdefinations.databasesample -->
    </test> <!-- Default test -->
  </suite> <!-- Default suite -->
</testng-results>
